  compilation header save succeeded; see C:\Users\kbs54\OneDrive\바탕 화면\Direct12 예제\DirectX-Graphics-Samples-master\MiniEngine\Build_VS15\x64\Debug\Output\Core\CompiledShaders\AdaptExposureCS.h
  compilation header save succeeded; see C:\Users\kbs54\OneDrive\바탕 화면\Direct12 예제\DirectX-Graphics-Samples-master\MiniEngine\Build_VS15\x64\Debug\Output\Core\CompiledShaders\AoBlurUpsampleBlendOutCS.h
  compilation header save succeeded; see C:\Users\kbs54\OneDrive\바탕 화면\Direct12 예제\DirectX-Graphics-Samples-master\MiniEngine\Build_VS15\x64\Debug\Output\Core\CompiledShaders\AoBlurUpsampleCS.h
  compilation header save succeeded; see C:\Users\kbs54\OneDrive\바탕 화면\Direct12 예제\DirectX-Graphics-Samples-master\MiniEngine\Build_VS15\x64\Debug\Output\Core\CompiledShaders\AoBlurUpsamplePreMinBlendOutCS.h
  compilation header save succeeded; see C:\Users\kbs54\OneDrive\바탕 화면\Direct12 예제\DirectX-Graphics-Samples-master\MiniEngine\Build_VS15\x64\Debug\Output\Core\CompiledShaders\AoBlurUpsamplePreMinCS.h
  compilation header save succeeded; see C:\Users\kbs54\OneDrive\바탕 화면\Direct12 예제\DirectX-Graphics-Samples-master\MiniEngine\Build_VS15\x64\Debug\Output\Core\CompiledShaders\AoPrepareDepthBuffers1CS.h
  compilation header save succeeded; see C:\Users\kbs54\OneDrive\바탕 화면\Direct12 예제\DirectX-Graphics-Samples-master\MiniEngine\Build_VS15\x64\Debug\Output\Core\CompiledShaders\AoPrepareDepthBuffers2CS.h
  compilation header save succeeded; see C:\Users\kbs54\OneDrive\바탕 화면\Direct12 예제\DirectX-Graphics-Samples-master\MiniEngine\Build_VS15\x64\Debug\Output\Core\CompiledShaders\AoRender1CS.h
  compilation header save succeeded; see C:\Users\kbs54\OneDrive\바탕 화면\Direct12 예제\DirectX-Graphics-Samples-master\MiniEngine\Build_VS15\x64\Debug\Output\Core\CompiledShaders\AoRender2CS.h
  compilation header save succeeded; see C:\Users\kbs54\OneDrive\바탕 화면\Direct12 예제\DirectX-Graphics-Samples-master\MiniEngine\Build_VS15\x64\Debug\Output\Core\CompiledShaders\ApplyBloom2CS.h
  compilation header save succeeded; see C:\Users\kbs54\OneDrive\바탕 화면\Direct12 예제\DirectX-Graphics-Samples-master\MiniEngine\Build_VS15\x64\Debug\Output\Core\CompiledShaders\ApplyBloomCS.h
  compilation header save succeeded; see C:\Users\kbs54\OneDrive\바탕 화면\Direct12 예제\DirectX-Graphics-Samples-master\MiniEngine\Build_VS15\x64\Debug\Output\Core\CompiledShaders\AverageLumaCS.h
  compilation header save succeeded; see C:\Users\kbs54\OneDrive\바탕 화면\Direct12 예제\DirectX-Graphics-Samples-master\MiniEngine\Build_VS15\x64\Debug\Output\Core\CompiledShaders\BicubicHorizontalUpsamplePS.h
  compilation header save succeeded; see C:\Users\kbs54\OneDrive\바탕 화면\Direct12 예제\DirectX-Graphics-Samples-master\MiniEngine\Build_VS15\x64\Debug\Output\Core\CompiledShaders\BicubicUpsampleGammaPS.h
  compilation header save succeeded; see C:\Users\kbs54\OneDrive\바탕 화면\Direct12 예제\DirectX-Graphics-Samples-master\MiniEngine\Build_VS15\x64\Debug\Output\Core\CompiledShaders\BicubicUpsamplePS.h
  compilation header save succeeded; see C:\Users\kbs54\OneDrive\바탕 화면\Direct12 예제\DirectX-Graphics-Samples-master\MiniEngine\Build_VS15\x64\Debug\Output\Core\CompiledShaders\BicubicVerticalUpsamplePS.h
  compilation header save succeeded; see C:\Users\kbs54\OneDrive\바탕 화면\Direct12 예제\DirectX-Graphics-Samples-master\MiniEngine\Build_VS15\x64\Debug\Output\Core\CompiledShaders\BilinearUpsamplePS.h
  compilation header save succeeded; see C:\Users\kbs54\OneDrive\바탕 화면\Direct12 예제\DirectX-Graphics-Samples-master\MiniEngine\Build_VS15\x64\Debug\Output\Core\CompiledShaders\Bitonic32InnerSortCS.h
  compilation header save succeeded; see C:\Users\kbs54\OneDrive\바탕 화면\Direct12 예제\DirectX-Graphics-Samples-master\MiniEngine\Build_VS15\x64\Debug\Output\Core\CompiledShaders\Bitonic32OuterSortCS.h
  compilation header save succeeded; see C:\Users\kbs54\OneDrive\바탕 화면\Direct12 예제\DirectX-Graphics-Samples-master\MiniEngine\Build_VS15\x64\Debug\Output\Core\CompiledShaders\Bitonic32PreSortCS.h
  compilation header save succeeded; see C:\Users\kbs54\OneDrive\바탕 화면\Direct12 예제\DirectX-Graphics-Samples-master\MiniEngine\Build_VS15\x64\Debug\Output\Core\CompiledShaders\Bitonic64InnerSortCS.h
  compilation header save succeeded; see C:\Users\kbs54\OneDrive\바탕 화면\Direct12 예제\DirectX-Graphics-Samples-master\MiniEngine\Build_VS15\x64\Debug\Output\Core\CompiledShaders\Bitonic64OuterSortCS.h
  compilation header save succeeded; see C:\Users\kbs54\OneDrive\바탕 화면\Direct12 예제\DirectX-Graphics-Samples-master\MiniEngine\Build_VS15\x64\Debug\Output\Core\CompiledShaders\Bitonic64PreSortCS.h
  compilation header save succeeded; see C:\Users\kbs54\OneDrive\바탕 화면\Direct12 예제\DirectX-Graphics-Samples-master\MiniEngine\Build_VS15\x64\Debug\Output\Core\CompiledShaders\BitonicIndirectArgsCS.h
  compilation header save succeeded; see C:\Users\kbs54\OneDrive\바탕 화면\Direct12 예제\DirectX-Graphics-Samples-master\MiniEngine\Build_VS15\x64\Debug\Output\Core\CompiledShaders\BloomExtractAndDownsampleHdrCS.h
  compilation header save succeeded; see C:\Users\kbs54\OneDrive\바탕 화면\Direct12 예제\DirectX-Graphics-Samples-master\MiniEngine\Build_VS15\x64\Debug\Output\Core\CompiledShaders\BloomExtractAndDownsampleLdrCS.h
  compilation header save succeeded; see C:\Users\kbs54\OneDrive\바탕 화면\Direct12 예제\DirectX-Graphics-Samples-master\MiniEngine\Build_VS15\x64\Debug\Output\Core\CompiledShaders\BlurCS.h
  compilation header save succeeded; see C:\Users\kbs54\OneDrive\바탕 화면\Direct12 예제\DirectX-Graphics-Samples-master\MiniEngine\Build_VS15\x64\Debug\Output\Core\CompiledShaders\BoundNeighborhoodCS.h
  compilation header save succeeded; see C:\Users\kbs54\OneDrive\바탕 화면\Direct12 예제\DirectX-Graphics-Samples-master\MiniEngine\Build_VS15\x64\Debug\Output\Core\CompiledShaders\BufferCopyPS.h
  compilation header save succeeded; see C:\Users\kbs54\OneDrive\바탕 화면\Direct12 예제\DirectX-Graphics-Samples-master\MiniEngine\Build_VS15\x64\Debug\Output\Core\CompiledShaders\CameraMotionBlurPrePassCS.h
  compilation header save succeeded; see C:\Users\kbs54\OneDrive\바탕 화면\Direct12 예제\DirectX-Graphics-Samples-master\MiniEngine\Build_VS15\x64\Debug\Output\Core\CompiledShaders\CameraMotionBlurPrePassLinearZCS.h
  compilation header save succeeded; see C:\Users\kbs54\OneDrive\바탕 화면\Direct12 예제\DirectX-Graphics-Samples-master\MiniEngine\Build_VS15\x64\Debug\Output\Core\CompiledShaders\CameraVelocityCS.h
  compilation header save succeeded; see C:\Users\kbs54\OneDrive\바탕 화면\Direct12 예제\DirectX-Graphics-Samples-master\MiniEngine\Build_VS15\x64\Debug\Output\Core\CompiledShaders\CopyBackPostBufferCS.h
  compilation header save succeeded; see C:\Users\kbs54\OneDrive\바탕 화면\Direct12 예제\DirectX-Graphics-Samples-master\MiniEngine\Build_VS15\x64\Debug\Output\Core\CompiledShaders\DebugDrawHistogramCS.h
  compilation header save succeeded; see C:\Users\kbs54\OneDrive\바탕 화면\Direct12 예제\DirectX-Graphics-Samples-master\MiniEngine\Build_VS15\x64\Debug\Output\Core\CompiledShaders\DebugLuminanceHdr2CS.h
  compilation header save succeeded; see C:\Users\kbs54\OneDrive\바탕 화면\Direct12 예제\DirectX-Graphics-Samples-master\MiniEngine\Build_VS15\x64\Debug\Output\Core\CompiledShaders\DebugLuminanceHdrCS.h
  compilation header save succeeded; see C:\Users\kbs54\OneDrive\바탕 화면\Direct12 예제\DirectX-Graphics-Samples-master\MiniEngine\Build_VS15\x64\Debug\Output\Core\CompiledShaders\DebugLuminanceLdr2CS.h
  compilation header save succeeded; see C:\Users\kbs54\OneDrive\바탕 화면\Direct12 예제\DirectX-Graphics-Samples-master\MiniEngine\Build_VS15\x64\Debug\Output\Core\CompiledShaders\DebugLuminanceLdrCS.h
  compilation header save succeeded; see C:\Users\kbs54\OneDrive\바탕 화면\Direct12 예제\DirectX-Graphics-Samples-master\MiniEngine\Build_VS15\x64\Debug\Output\Core\CompiledShaders\DebugSSAOCS.h
  compilation header save succeeded; see C:\Users\kbs54\OneDrive\바탕 화면\Direct12 예제\DirectX-Graphics-Samples-master\MiniEngine\Build_VS15\x64\Debug\Output\Core\CompiledShaders\DoFCombine2CS.h
  compilation header save succeeded; see C:\Users\kbs54\OneDrive\바탕 화면\Direct12 예제\DirectX-Graphics-Samples-master\MiniEngine\Build_VS15\x64\Debug\Output\Core\CompiledShaders\DoFCombineCS.h
  compilation header save succeeded; see C:\Users\kbs54\OneDrive\바탕 화면\Direct12 예제\DirectX-Graphics-Samples-master\MiniEngine\Build_VS15\x64\Debug\Output\Core\CompiledShaders\DoFCombineFast2CS.h
  compilation header save succeeded; see C:\Users\kbs54\OneDrive\바탕 화면\Direct12 예제\DirectX-Graphics-Samples-master\MiniEngine\Build_VS15\x64\Debug\Output\Core\CompiledShaders\DoFCombineFastCS.h
  compilation header save succeeded; see C:\Users\kbs54\OneDrive\바탕 화면\Direct12 예제\DirectX-Graphics-Samples-master\MiniEngine\Build_VS15\x64\Debug\Output\Core\CompiledShaders\DoFDebugBlueCS.h
  compilation header save succeeded; see C:\Users\kbs54\OneDrive\바탕 화면\Direct12 예제\DirectX-Graphics-Samples-master\MiniEngine\Build_VS15\x64\Debug\Output\Core\CompiledShaders\DoFDebugGreenCS.h
  compilation header save succeeded; see C:\Users\kbs54\OneDrive\바탕 화면\Direct12 예제\DirectX-Graphics-Samples-master\MiniEngine\Build_VS15\x64\Debug\Output\Core\CompiledShaders\DoFDebugRedCS.h
  compilation header save succeeded; see C:\Users\kbs54\OneDrive\바탕 화면\Direct12 예제\DirectX-Graphics-Samples-master\MiniEngine\Build_VS15\x64\Debug\Output\Core\CompiledShaders\DoFMedianFilterCS.h
  compilation header save succeeded; see C:\Users\kbs54\OneDrive\바탕 화면\Direct12 예제\DirectX-Graphics-Samples-master\MiniEngine\Build_VS15\x64\Debug\Output\Core\CompiledShaders\DoFMedianFilterFixupCS.h
  compilation header save succeeded; see C:\Users\kbs54\OneDrive\바탕 화면\Direct12 예제\DirectX-Graphics-Samples-master\MiniEngine\Build_VS15\x64\Debug\Output\Core\CompiledShaders\DoFMedianFilterSepAlphaCS.h
  compilation header save succeeded; see C:\Users\kbs54\OneDrive\바탕 화면\Direct12 예제\DirectX-Graphics-Samples-master\MiniEngine\Build_VS15\x64\Debug\Output\Core\CompiledShaders\DoFPass1CS.h
  compilation header save succeeded; see C:\Users\kbs54\OneDrive\바탕 화면\Direct12 예제\DirectX-Graphics-Samples-master\MiniEngine\Build_VS15\x64\Debug\Output\Core\CompiledShaders\DoFPass2CS.h
  compilation header save succeeded; see C:\Users\kbs54\OneDrive\바탕 화면\Direct12 예제\DirectX-Graphics-Samples-master\MiniEngine\Build_VS15\x64\Debug\Output\Core\CompiledShaders\DoFPass2DebugCS.h
  compilation header save succeeded; see C:\Users\kbs54\OneDrive\바탕 화면\Direct12 예제\DirectX-Graphics-Samples-master\MiniEngine\Build_VS15\x64\Debug\Output\Core\CompiledShaders\DoFPass2FastCS.h
  compilation header save succeeded; see C:\Users\kbs54\OneDrive\바탕 화면\Direct12 예제\DirectX-Graphics-Samples-master\MiniEngine\Build_VS15\x64\Debug\Output\Core\CompiledShaders\DoFPass2FixupCS.h
  compilation header save succeeded; see C:\Users\kbs54\OneDrive\바탕 화면\Direct12 예제\DirectX-Graphics-Samples-master\MiniEngine\Build_VS15\x64\Debug\Output\Core\CompiledShaders\DoFPreFilterCS.h
  compilation header save succeeded; see C:\Users\kbs54\OneDrive\바탕 화면\Direct12 예제\DirectX-Graphics-Samples-master\MiniEngine\Build_VS15\x64\Debug\Output\Core\CompiledShaders\DoFPreFilterFastCS.h
  compilation header save succeeded; see C:\Users\kbs54\OneDrive\바탕 화면\Direct12 예제\DirectX-Graphics-Samples-master\MiniEngine\Build_VS15\x64\Debug\Output\Core\CompiledShaders\DoFPreFilterFixupCS.h
  compilation header save succeeded; see C:\Users\kbs54\OneDrive\바탕 화면\Direct12 예제\DirectX-Graphics-Samples-master\MiniEngine\Build_VS15\x64\Debug\Output\Core\CompiledShaders\DoFTilePassCS.h
  compilation header save succeeded; see C:\Users\kbs54\OneDrive\바탕 화면\Direct12 예제\DirectX-Graphics-Samples-master\MiniEngine\Build_VS15\x64\Debug\Output\Core\CompiledShaders\DoFTilePassFixupCS.h
  compilation header save succeeded; see C:\Users\kbs54\OneDrive\바탕 화면\Direct12 예제\DirectX-Graphics-Samples-master\MiniEngine\Build_VS15\x64\Debug\Output\Core\CompiledShaders\DownsampleBloomAllCS.h
  compilation header save succeeded; see C:\Users\kbs54\OneDrive\바탕 화면\Direct12 예제\DirectX-Graphics-Samples-master\MiniEngine\Build_VS15\x64\Debug\Output\Core\CompiledShaders\DownsampleBloomCS.h
  compilation header save succeeded; see C:\Users\kbs54\OneDrive\바탕 화면\Direct12 예제\DirectX-Graphics-Samples-master\MiniEngine\Build_VS15\x64\Debug\Output\Core\CompiledShaders\ExtractLumaCS.h
  compilation header save succeeded; see C:\Users\kbs54\OneDrive\바탕 화면\Direct12 예제\DirectX-Graphics-Samples-master\MiniEngine\Build_VS15\x64\Debug\Output\Core\CompiledShaders\FXAAPass1_Luma2_CS.h
  compilation header save succeeded; see C:\Users\kbs54\OneDrive\바탕 화면\Direct12 예제\DirectX-Graphics-Samples-master\MiniEngine\Build_VS15\x64\Debug\Output\Core\CompiledShaders\FXAAPass1_Luma_CS.h
  compilation header save succeeded; see C:\Users\kbs54\OneDrive\바탕 화면\Direct12 예제\DirectX-Graphics-Samples-master\MiniEngine\Build_VS15\x64\Debug\Output\Core\CompiledShaders\FXAAPass1_RGB2_CS.h
  compilation header save succeeded; see C:\Users\kbs54\OneDrive\바탕 화면\Direct12 예제\DirectX-Graphics-Samples-master\MiniEngine\Build_VS15\x64\Debug\Output\Core\CompiledShaders\FXAAPass1_RGB_CS.h
  compilation header save succeeded; see C:\Users\kbs54\OneDrive\바탕 화면\Direct12 예제\DirectX-Graphics-Samples-master\MiniEngine\Build_VS15\x64\Debug\Output\Core\CompiledShaders\FXAAPass2H2CS.h
  compilation header save succeeded; see C:\Users\kbs54\OneDrive\바탕 화면\Direct12 예제\DirectX-Graphics-Samples-master\MiniEngine\Build_VS15\x64\Debug\Output\Core\CompiledShaders\FXAAPass2HDebug2CS.h
  compilation header save succeeded; see C:\Users\kbs54\OneDrive\바탕 화면\Direct12 예제\DirectX-Graphics-Samples-master\MiniEngine\Build_VS15\x64\Debug\Output\Core\CompiledShaders\FXAAPass2HDebugCS.h
  compilation header save succeeded; see C:\Users\kbs54\OneDrive\바탕 화면\Direct12 예제\DirectX-Graphics-Samples-master\MiniEngine\Build_VS15\x64\Debug\Output\Core\CompiledShaders\FXAAPass2V2CS.h
  compilation header save succeeded; see C:\Users\kbs54\OneDrive\바탕 화면\Direct12 예제\DirectX-Graphics-Samples-master\MiniEngine\Build_VS15\x64\Debug\Output\Core\CompiledShaders\FXAAPass2VDebug2CS.h
  compilation header save succeeded; see C:\Users\kbs54\OneDrive\바탕 화면\Direct12 예제\DirectX-Graphics-Samples-master\MiniEngine\Build_VS15\x64\Debug\Output\Core\CompiledShaders\FXAAPass2VDebugCS.h
  compilation header save succeeded; see C:\Users\kbs54\OneDrive\바탕 화면\Direct12 예제\DirectX-Graphics-Samples-master\MiniEngine\Build_VS15\x64\Debug\Output\Core\CompiledShaders\GenerateHistogramCS.h
  compilation header save succeeded; see C:\Users\kbs54\OneDrive\바탕 화면\Direct12 예제\DirectX-Graphics-Samples-master\MiniEngine\Build_VS15\x64\Debug\Output\Core\CompiledShaders\FXAAPass2HCS.h
  compilation header save succeeded; see C:\Users\kbs54\OneDrive\바탕 화면\Direct12 예제\DirectX-Graphics-Samples-master\MiniEngine\Build_VS15\x64\Debug\Output\Core\CompiledShaders\FXAAPass2VCS.h
  compilation header save succeeded; see C:\Users\kbs54\OneDrive\바탕 화면\Direct12 예제\DirectX-Graphics-Samples-master\MiniEngine\Build_VS15\x64\Debug\Output\Core\CompiledShaders\GenerateMipsGammaCS.h
  compilation header save succeeded; see C:\Users\kbs54\OneDrive\바탕 화면\Direct12 예제\DirectX-Graphics-Samples-master\MiniEngine\Build_VS15\x64\Debug\Output\Core\CompiledShaders\GenerateMipsGammaOddCS.h
  compilation header save succeeded; see C:\Users\kbs54\OneDrive\바탕 화면\Direct12 예제\DirectX-Graphics-Samples-master\MiniEngine\Build_VS15\x64\Debug\Output\Core\CompiledShaders\GenerateMipsGammaOddXCS.h
  compilation header save succeeded; see C:\Users\kbs54\OneDrive\바탕 화면\Direct12 예제\DirectX-Graphics-Samples-master\MiniEngine\Build_VS15\x64\Debug\Output\Core\CompiledShaders\GenerateMipsGammaOddYCS.h
  compilation header save succeeded; see C:\Users\kbs54\OneDrive\바탕 화면\Direct12 예제\DirectX-Graphics-Samples-master\MiniEngine\Build_VS15\x64\Debug\Output\Core\CompiledShaders\GenerateMipsLinearCS.h
  compilation header save succeeded; see C:\Users\kbs54\OneDrive\바탕 화면\Direct12 예제\DirectX-Graphics-Samples-master\MiniEngine\Build_VS15\x64\Debug\Output\Core\CompiledShaders\GenerateMipsLinearOddCS.h
  compilation header save succeeded; see C:\Users\kbs54\OneDrive\바탕 화면\Direct12 예제\DirectX-Graphics-Samples-master\MiniEngine\Build_VS15\x64\Debug\Output\Core\CompiledShaders\GenerateMipsLinearOddXCS.h
  compilation header save succeeded; see C:\Users\kbs54\OneDrive\바탕 화면\Direct12 예제\DirectX-Graphics-Samples-master\MiniEngine\Build_VS15\x64\Debug\Output\Core\CompiledShaders\GenerateMipsLinearOddYCS.h
  compilation header save succeeded; see C:\Users\kbs54\OneDrive\바탕 화면\Direct12 예제\DirectX-Graphics-Samples-master\MiniEngine\Build_VS15\x64\Debug\Output\Core\CompiledShaders\LinearizeDepthCS.h
  compilation header save succeeded; see C:\Users\kbs54\OneDrive\바탕 화면\Direct12 예제\DirectX-Graphics-Samples-master\MiniEngine\Build_VS15\x64\Debug\Output\Core\CompiledShaders\MagnifyPixelsPS.h
  compilation header save succeeded; see C:\Users\kbs54\OneDrive\바탕 화면\Direct12 예제\DirectX-Graphics-Samples-master\MiniEngine\Build_VS15\x64\Debug\Output\Core\CompiledShaders\MotionBlurFinalPassCS.h
  compilation header save succeeded; see C:\Users\kbs54\OneDrive\바탕 화면\Direct12 예제\DirectX-Graphics-Samples-master\MiniEngine\Build_VS15\x64\Debug\Output\Core\CompiledShaders\MotionBlurFinalPassPS.h
  compilation header save succeeded; see C:\Users\kbs54\OneDrive\바탕 화면\Direct12 예제\DirectX-Graphics-Samples-master\MiniEngine\Build_VS15\x64\Debug\Output\Core\CompiledShaders\MotionBlurPrePassCS.h
  compilation header save succeeded; see C:\Users\kbs54\OneDrive\바탕 화면\Direct12 예제\DirectX-Graphics-Samples-master\MiniEngine\Build_VS15\x64\Debug\Output\Core\CompiledShaders\FXAAResolveWorkQueueCS.h
  compilation header save succeeded; see C:\Users\kbs54\OneDrive\바탕 화면\Direct12 예제\DirectX-Graphics-Samples-master\MiniEngine\Build_VS15\x64\Debug\Output\Core\CompiledShaders\ParticleBinCullingCS.h
  compilation header save succeeded; see C:\Users\kbs54\OneDrive\바탕 화면\Direct12 예제\DirectX-Graphics-Samples-master\MiniEngine\Build_VS15\x64\Debug\Output\Core\CompiledShaders\ParticleDepthBoundsCS.h
  compilation header save succeeded; see C:\Users\kbs54\OneDrive\바탕 화면\Direct12 예제\DirectX-Graphics-Samples-master\MiniEngine\Build_VS15\x64\Debug\Output\Core\CompiledShaders\ParticleDispatchIndirectArgsCS.h
  compilation header save succeeded; see C:\Users\kbs54\OneDrive\바탕 화면\Direct12 예제\DirectX-Graphics-Samples-master\MiniEngine\Build_VS15\x64\Debug\Output\Core\CompiledShaders\ParticleFinalDispatchIndirectArgsCS.h
  compilation header save succeeded; see C:\Users\kbs54\OneDrive\바탕 화면\Direct12 예제\DirectX-Graphics-Samples-master\MiniEngine\Build_VS15\x64\Debug\Output\Core\CompiledShaders\ParticleLargeBinCullingCS.h
  compilation header save succeeded; see C:\Users\kbs54\OneDrive\바탕 화면\Direct12 예제\DirectX-Graphics-Samples-master\MiniEngine\Build_VS15\x64\Debug\Output\Core\CompiledShaders\ParticleNoSortVS.h
  compilation header save succeeded; see C:\Users\kbs54\OneDrive\바탕 화면\Direct12 예제\DirectX-Graphics-Samples-master\MiniEngine\Build_VS15\x64\Debug\Output\Core\CompiledShaders\ParticlePreSortCS.h
  compilation header save succeeded; see C:\Users\kbs54\OneDrive\바탕 화면\Direct12 예제\DirectX-Graphics-Samples-master\MiniEngine\Build_VS15\x64\Debug\Output\Core\CompiledShaders\ParticlePS.h
  compilation header save succeeded; see C:\Users\kbs54\OneDrive\바탕 화면\Direct12 예제\DirectX-Graphics-Samples-master\MiniEngine\Build_VS15\x64\Debug\Output\Core\CompiledShaders\ParticleSortIndirectArgsCS.h
  compilation header save succeeded; see C:\Users\kbs54\OneDrive\바탕 화면\Direct12 예제\DirectX-Graphics-Samples-master\MiniEngine\Build_VS15\x64\Debug\Output\Core\CompiledShaders\ParticleSpawnCS.h
  compilation header save succeeded; see C:\Users\kbs54\OneDrive\바탕 화면\Direct12 예제\DirectX-Graphics-Samples-master\MiniEngine\Build_VS15\x64\Debug\Output\Core\CompiledShaders\ParticleTileCullingCS.h
  compilation header save succeeded; see C:\Users\kbs54\OneDrive\바탕 화면\Direct12 예제\DirectX-Graphics-Samples-master\MiniEngine\Build_VS15\x64\Debug\Output\Core\CompiledShaders\ParticleTileRender2CS.h
  compilation header save succeeded; see C:\Users\kbs54\OneDrive\바탕 화면\Direct12 예제\DirectX-Graphics-Samples-master\MiniEngine\Build_VS15\x64\Debug\Output\Core\CompiledShaders\ParticleTileRenderCS.h
  compilation header save succeeded; see C:\Users\kbs54\OneDrive\바탕 화면\Direct12 예제\DirectX-Graphics-Samples-master\MiniEngine\Build_VS15\x64\Debug\Output\Core\CompiledShaders\ParticleTileRenderFast2CS.h
  compilation header save succeeded; see C:\Users\kbs54\OneDrive\바탕 화면\Direct12 예제\DirectX-Graphics-Samples-master\MiniEngine\Build_VS15\x64\Debug\Output\Core\CompiledShaders\ParticleTileRenderFastCS.h
  compilation header save succeeded; see C:\Users\kbs54\OneDrive\바탕 화면\Direct12 예제\DirectX-Graphics-Samples-master\MiniEngine\Build_VS15\x64\Debug\Output\Core\CompiledShaders\ParticleTileRenderFastDynamic2CS.h
  compilation header save succeeded; see C:\Users\kbs54\OneDrive\바탕 화면\Direct12 예제\DirectX-Graphics-Samples-master\MiniEngine\Build_VS15\x64\Debug\Output\Core\CompiledShaders\ParticleTileRenderFastDynamicCS.h
  compilation header save succeeded; see C:\Users\kbs54\OneDrive\바탕 화면\Direct12 예제\DirectX-Graphics-Samples-master\MiniEngine\Build_VS15\x64\Debug\Output\Core\CompiledShaders\ParticleTileRenderFastLowRes2CS.h
  compilation header save succeeded; see C:\Users\kbs54\OneDrive\바탕 화면\Direct12 예제\DirectX-Graphics-Samples-master\MiniEngine\Build_VS15\x64\Debug\Output\Core\CompiledShaders\ParticleTileRenderFastLowResCS.h
  compilation header save succeeded; see C:\Users\kbs54\OneDrive\바탕 화면\Direct12 예제\DirectX-Graphics-Samples-master\MiniEngine\Build_VS15\x64\Debug\Output\Core\CompiledShaders\ParticleTileRenderSlowDynamic2CS.h
  compilation header save succeeded; see C:\Users\kbs54\OneDrive\바탕 화면\Direct12 예제\DirectX-Graphics-Samples-master\MiniEngine\Build_VS15\x64\Debug\Output\Core\CompiledShaders\ParticleTileRenderSlowDynamicCS.h
  compilation header save succeeded; see C:\Users\kbs54\OneDrive\바탕 화면\Direct12 예제\DirectX-Graphics-Samples-master\MiniEngine\Build_VS15\x64\Debug\Output\Core\CompiledShaders\ParticleTileRenderSlowLowRes2CS.h
  compilation header save succeeded; see C:\Users\kbs54\OneDrive\바탕 화면\Direct12 예제\DirectX-Graphics-Samples-master\MiniEngine\Build_VS15\x64\Debug\Output\Core\CompiledShaders\ParticleTileRenderSlowLowResCS.h
  compilation header save succeeded; see C:\Users\kbs54\OneDrive\바탕 화면\Direct12 예제\DirectX-Graphics-Samples-master\MiniEngine\Build_VS15\x64\Debug\Output\Core\CompiledShaders\ParticleUpdateCS.h
  compilation header save succeeded; see C:\Users\kbs54\OneDrive\바탕 화면\Direct12 예제\DirectX-Graphics-Samples-master\MiniEngine\Build_VS15\x64\Debug\Output\Core\CompiledShaders\ParticleVS.h
  compilation header save succeeded; see C:\Users\kbs54\OneDrive\바탕 화면\Direct12 예제\DirectX-Graphics-Samples-master\MiniEngine\Build_VS15\x64\Debug\Output\Core\CompiledShaders\PerfGraphBackgroundVS.h
  compilation header save succeeded; see C:\Users\kbs54\OneDrive\바탕 화면\Direct12 예제\DirectX-Graphics-Samples-master\MiniEngine\Build_VS15\x64\Debug\Output\Core\CompiledShaders\PerfGraphPS.h
  compilation header save succeeded; see C:\Users\kbs54\OneDrive\바탕 화면\Direct12 예제\DirectX-Graphics-Samples-master\MiniEngine\Build_VS15\x64\Debug\Output\Core\CompiledShaders\PerfGraphVS.h
  compilation header save succeeded; see C:\Users\kbs54\OneDrive\바탕 화면\Direct12 예제\DirectX-Graphics-Samples-master\MiniEngine\Build_VS15\x64\Debug\Output\Core\CompiledShaders\PresentHDRPS.h
  compilation header save succeeded; see C:\Users\kbs54\OneDrive\바탕 화면\Direct12 예제\DirectX-Graphics-Samples-master\MiniEngine\Build_VS15\x64\Debug\Output\Core\CompiledShaders\PresentSDRPS.h
  compilation header save succeeded; see C:\Users\kbs54\OneDrive\바탕 화면\Direct12 예제\DirectX-Graphics-Samples-master\MiniEngine\Build_VS15\x64\Debug\Output\Core\CompiledShaders\ResolveTAACS.h
  compilation header save succeeded; see C:\Users\kbs54\OneDrive\바탕 화면\Direct12 예제\DirectX-Graphics-Samples-master\MiniEngine\Build_VS15\x64\Debug\Output\Core\CompiledShaders\SharpeningUpsampleGammaPS.h
  compilation header save succeeded; see C:\Users\kbs54\OneDrive\바탕 화면\Direct12 예제\DirectX-Graphics-Samples-master\MiniEngine\Build_VS15\x64\Debug\Output\Core\CompiledShaders\SharpeningUpsamplePS.h
  compilation header save succeeded; see C:\Users\kbs54\OneDrive\바탕 화면\Direct12 예제\DirectX-Graphics-Samples-master\MiniEngine\Build_VS15\x64\Debug\Output\Core\CompiledShaders\SharpenTAACS.h
  compilation header save succeeded; see C:\Users\kbs54\OneDrive\바탕 화면\Direct12 예제\DirectX-Graphics-Samples-master\MiniEngine\Build_VS15\x64\Debug\Output\Core\CompiledShaders\TemporalBlendCS.h
  compilation header save succeeded; see C:\Users\kbs54\OneDrive\바탕 화면\Direct12 예제\DirectX-Graphics-Samples-master\MiniEngine\Build_VS15\x64\Debug\Output\Core\CompiledShaders\TextAntialiasPS.h
  compilation header save succeeded; see C:\Users\kbs54\OneDrive\바탕 화면\Direct12 예제\DirectX-Graphics-Samples-master\MiniEngine\Build_VS15\x64\Debug\Output\Core\CompiledShaders\TextShadowPS.h
  compilation header save succeeded; see C:\Users\kbs54\OneDrive\바탕 화면\Direct12 예제\DirectX-Graphics-Samples-master\MiniEngine\Build_VS15\x64\Debug\Output\Core\CompiledShaders\TextVS.h
  compilation header save succeeded; see C:\Users\kbs54\OneDrive\바탕 화면\Direct12 예제\DirectX-Graphics-Samples-master\MiniEngine\Build_VS15\x64\Debug\Output\Core\CompiledShaders\ScreenQuadVS.h
  compilation header save succeeded; see C:\Users\kbs54\OneDrive\바탕 화면\Direct12 예제\DirectX-Graphics-Samples-master\MiniEngine\Build_VS15\x64\Debug\Output\Core\CompiledShaders\ToneMapHDR2CS.h
  compilation header save succeeded; see C:\Users\kbs54\OneDrive\바탕 화면\Direct12 예제\DirectX-Graphics-Samples-master\MiniEngine\Build_VS15\x64\Debug\Output\Core\CompiledShaders\ToneMapHDRCS.h
  compilation header save succeeded; see C:\Users\kbs54\OneDrive\바탕 화면\Direct12 예제\DirectX-Graphics-Samples-master\MiniEngine\Build_VS15\x64\Debug\Output\Core\CompiledShaders\ToneMap2CS.h
  compilation header save succeeded; see C:\Users\kbs54\OneDrive\바탕 화면\Direct12 예제\DirectX-Graphics-Samples-master\MiniEngine\Build_VS15\x64\Debug\Output\Core\CompiledShaders\ToneMapCS.h
  compilation header save succeeded; see C:\Users\kbs54\OneDrive\바탕 화면\Direct12 예제\DirectX-Graphics-Samples-master\MiniEngine\Build_VS15\x64\Debug\Output\Core\CompiledShaders\UpsampleAndBlurCS.h
  pch.cpp
  BitonicSort.cpp
c:\users\kbs54\onedrive\바탕 화면\direct12 예제\directx-graphics-samples-master\miniengine\build_vs15\x64\debug\output\core\compiledshaders\bitonicindirectargscs.h : warning C4819: 현재 코드 페이지(949)에서 표시할 수 없는 문자가 파일에 들어 있습니다. 데이터가 손실되지 않게 하려면 해당 파일을 유니코드 형식으로 저장하십시오.
c:\users\kbs54\onedrive\바탕 화면\direct12 예제\directx-graphics-samples-master\miniengine\build_vs15\x64\debug\output\core\compiledshaders\bitonic32presortcs.h : warning C4819: 현재 코드 페이지(949)에서 표시할 수 없는 문자가 파일에 들어 있습니다. 데이터가 손실되지 않게 하려면 해당 파일을 유니코드 형식으로 저장하십시오.
c:\users\kbs54\onedrive\바탕 화면\direct12 예제\directx-graphics-samples-master\miniengine\build_vs15\x64\debug\output\core\compiledshaders\bitonic32presortcs.h(1030): warning C4819: 현재 코드 페이지(949)에서 표시할 수 없는 문자가 파일에 들어 있습니다. 데이터가 손실되지 않게 하려면 해당 파일을 유니코드 형식으로 저장하십시오.
c:\users\kbs54\onedrive\바탕 화면\direct12 예제\directx-graphics-samples-master\miniengine\build_vs15\x64\debug\output\core\compiledshaders\bitonic32innersortcs.h : warning C4819: 현재 코드 페이지(949)에서 표시할 수 없는 문자가 파일에 들어 있습니다. 데이터가 손실되지 않게 하려면 해당 파일을 유니코드 형식으로 저장하십시오.
c:\users\kbs54\onedrive\바탕 화면\direct12 예제\directx-graphics-samples-master\miniengine\build_vs15\x64\debug\output\core\compiledshaders\bitonic32outersortcs.h : warning C4819: 현재 코드 페이지(949)에서 표시할 수 없는 문자가 파일에 들어 있습니다. 데이터가 손실되지 않게 하려면 해당 파일을 유니코드 형식으로 저장하십시오.
c:\users\kbs54\onedrive\바탕 화면\direct12 예제\directx-graphics-samples-master\miniengine\build_vs15\x64\debug\output\core\compiledshaders\bitonic64presortcs.h : warning C4819: 현재 코드 페이지(949)에서 표시할 수 없는 문자가 파일에 들어 있습니다. 데이터가 손실되지 않게 하려면 해당 파일을 유니코드 형식으로 저장하십시오.
c:\users\kbs54\onedrive\바탕 화면\direct12 예제\directx-graphics-samples-master\miniengine\build_vs15\x64\debug\output\core\compiledshaders\bitonic64presortcs.h(1137): warning C4819: 현재 코드 페이지(949)에서 표시할 수 없는 문자가 파일에 들어 있습니다. 데이터가 손실되지 않게 하려면 해당 파일을 유니코드 형식으로 저장하십시오.
c:\users\kbs54\onedrive\바탕 화면\direct12 예제\directx-graphics-samples-master\miniengine\build_vs15\x64\debug\output\core\compiledshaders\bitonic64presortcs.h(2323): warning C4819: 현재 코드 페이지(949)에서 표시할 수 없는 문자가 파일에 들어 있습니다. 데이터가 손실되지 않게 하려면 해당 파일을 유니코드 형식으로 저장하십시오.
c:\users\kbs54\onedrive\바탕 화면\direct12 예제\directx-graphics-samples-master\miniengine\build_vs15\x64\debug\output\core\compiledshaders\bitonic64innersortcs.h : warning C4819: 현재 코드 페이지(949)에서 표시할 수 없는 문자가 파일에 들어 있습니다. 데이터가 손실되지 않게 하려면 해당 파일을 유니코드 형식으로 저장하십시오.
c:\users\kbs54\onedrive\바탕 화면\direct12 예제\directx-graphics-samples-master\miniengine\build_vs15\x64\debug\output\core\compiledshaders\bitonic64outersortcs.h : warning C4819: 현재 코드 페이지(949)에서 표시할 수 없는 문자가 파일에 들어 있습니다. 데이터가 손실되지 않게 하려면 해당 파일을 유니코드 형식으로 저장하십시오.
  BuddyAllocator.cpp
  BufferManager.cpp
  Camera.cpp
  CameraController.cpp
  Color.cpp
  ColorBuffer.cpp
  CommandAllocatorPool.cpp
  CommandContext.cpp
  CommandListManager.cpp
  CommandSignature.cpp
  DDSTextureLoader.cpp
  DepthBuffer.cpp
  DepthOfField.cpp
c:\users\kbs54\onedrive\바탕 화면\direct12 예제\directx-graphics-samples-master\miniengine\build_vs15\x64\debug\output\core\compiledshaders\dofpass1cs.h : warning C4819: 현재 코드 페이지(949)에서 표시할 수 없는 문자가 파일에 들어 있습니다. 데이터가 손실되지 않게 하려면 해당 파일을 유니코드 형식으로 저장하십시오.
c:\users\kbs54\onedrive\바탕 화면\direct12 예제\directx-graphics-samples-master\miniengine\build_vs15\x64\debug\output\core\compiledshaders\doftilepasscs.h : warning C4819: 현재 코드 페이지(949)에서 표시할 수 없는 문자가 파일에 들어 있습니다. 데이터가 손실되지 않게 하려면 해당 파일을 유니코드 형식으로 저장하십시오.
c:\users\kbs54\onedrive\바탕 화면\direct12 예제\directx-graphics-samples-master\miniengine\build_vs15\x64\debug\output\core\compiledshaders\doftilepassfixupcs.h : warning C4819: 현재 코드 페이지(949)에서 표시할 수 없는 문자가 파일에 들어 있습니다. 데이터가 손실되지 않게 하려면 해당 파일을 유니코드 형식으로 저장하십시오.
c:\users\kbs54\onedrive\바탕 화면\direct12 예제\directx-graphics-samples-master\miniengine\build_vs15\x64\debug\output\core\compiledshaders\dofprefiltercs.h : warning C4819: 현재 코드 페이지(949)에서 표시할 수 없는 문자가 파일에 들어 있습니다. 데이터가 손실되지 않게 하려면 해당 파일을 유니코드 형식으로 저장하십시오.
c:\users\kbs54\onedrive\바탕 화면\direct12 예제\directx-graphics-samples-master\miniengine\build_vs15\x64\debug\output\core\compiledshaders\dofprefilterfastcs.h : warning C4819: 현재 코드 페이지(949)에서 표시할 수 없는 문자가 파일에 들어 있습니다. 데이터가 손실되지 않게 하려면 해당 파일을 유니코드 형식으로 저장하십시오.
c:\users\kbs54\onedrive\바탕 화면\direct12 예제\directx-graphics-samples-master\miniengine\build_vs15\x64\debug\output\core\compiledshaders\dofprefilterfixupcs.h : warning C4819: 현재 코드 페이지(949)에서 표시할 수 없는 문자가 파일에 들어 있습니다. 데이터가 손실되지 않게 하려면 해당 파일을 유니코드 형식으로 저장하십시오.
c:\users\kbs54\onedrive\바탕 화면\direct12 예제\directx-graphics-samples-master\miniengine\build_vs15\x64\debug\output\core\compiledshaders\dofpass2cs.h : warning C4819: 현재 코드 페이지(949)에서 표시할 수 없는 문자가 파일에 들어 있습니다. 데이터가 손실되지 않게 하려면 해당 파일을 유니코드 형식으로 저장하십시오.
c:\users\kbs54\onedrive\바탕 화면\direct12 예제\directx-graphics-samples-master\miniengine\build_vs15\x64\debug\output\core\compiledshaders\dofpass2fastcs.h : warning C4819: 현재 코드 페이지(949)에서 표시할 수 없는 문자가 파일에 들어 있습니다. 데이터가 손실되지 않게 하려면 해당 파일을 유니코드 형식으로 저장하십시오.
c:\users\kbs54\onedrive\바탕 화면\direct12 예제\directx-graphics-samples-master\miniengine\build_vs15\x64\debug\output\core\compiledshaders\dofpass2fixupcs.h : warning C4819: 현재 코드 페이지(949)에서 표시할 수 없는 문자가 파일에 들어 있습니다. 데이터가 손실되지 않게 하려면 해당 파일을 유니코드 형식으로 저장하십시오.
c:\users\kbs54\onedrive\바탕 화면\direct12 예제\directx-graphics-samples-master\miniengine\build_vs15\x64\debug\output\core\compiledshaders\dofpass2debugcs.h : warning C4819: 현재 코드 페이지(949)에서 표시할 수 없는 문자가 파일에 들어 있습니다. 데이터가 손실되지 않게 하려면 해당 파일을 유니코드 형식으로 저장하십시오.
c:\users\kbs54\onedrive\바탕 화면\direct12 예제\directx-graphics-samples-master\miniengine\build_vs15\x64\debug\output\core\compiledshaders\dofmedianfiltercs.h : warning C4819: 현재 코드 페이지(949)에서 표시할 수 없는 문자가 파일에 들어 있습니다. 데이터가 손실되지 않게 하려면 해당 파일을 유니코드 형식으로 저장하십시오.
c:\users\kbs54\onedrive\바탕 화면\direct12 예제\directx-graphics-samples-master\miniengine\build_vs15\x64\debug\output\core\compiledshaders\dofmedianfiltersepalphacs.h : warning C4819: 현재 코드 페이지(949)에서 표시할 수 없는 문자가 파일에 들어 있습니다. 데이터가 손실되지 않게 하려면 해당 파일을 유니코드 형식으로 저장하십시오.
c:\users\kbs54\onedrive\바탕 화면\direct12 예제\directx-graphics-samples-master\miniengine\build_vs15\x64\debug\output\core\compiledshaders\dofmedianfilterfixupcs.h : warning C4819: 현재 코드 페이지(949)에서 표시할 수 없는 문자가 파일에 들어 있습니다. 데이터가 손실되지 않게 하려면 해당 파일을 유니코드 형식으로 저장하십시오.
c:\users\kbs54\onedrive\바탕 화면\direct12 예제\directx-graphics-samples-master\miniengine\build_vs15\x64\debug\output\core\compiledshaders\dofcombinecs.h : warning C4819: 현재 코드 페이지(949)에서 표시할 수 없는 문자가 파일에 들어 있습니다. 데이터가 손실되지 않게 하려면 해당 파일을 유니코드 형식으로 저장하십시오.
c:\users\kbs54\onedrive\바탕 화면\direct12 예제\directx-graphics-samples-master\miniengine\build_vs15\x64\debug\output\core\compiledshaders\dofcombine2cs.h : warning C4819: 현재 코드 페이지(949)에서 표시할 수 없는 문자가 파일에 들어 있습니다. 데이터가 손실되지 않게 하려면 해당 파일을 유니코드 형식으로 저장하십시오.
c:\users\kbs54\onedrive\바탕 화면\direct12 예제\directx-graphics-samples-master\miniengine\build_vs15\x64\debug\output\core\compiledshaders\dofcombinefastcs.h : warning C4819: 현재 코드 페이지(949)에서 표시할 수 없는 문자가 파일에 들어 있습니다. 데이터가 손실되지 않게 하려면 해당 파일을 유니코드 형식으로 저장하십시오.
c:\users\kbs54\onedrive\바탕 화면\direct12 예제\directx-graphics-samples-master\miniengine\build_vs15\x64\debug\output\core\compiledshaders\dofcombinefast2cs.h : warning C4819: 현재 코드 페이지(949)에서 표시할 수 없는 문자가 파일에 들어 있습니다. 데이터가 손실되지 않게 하려면 해당 파일을 유니코드 형식으로 저장하십시오.
c:\users\kbs54\onedrive\바탕 화면\direct12 예제\directx-graphics-samples-master\miniengine\build_vs15\x64\debug\output\core\compiledshaders\dofdebugredcs.h : warning C4819: 현재 코드 페이지(949)에서 표시할 수 없는 문자가 파일에 들어 있습니다. 데이터가 손실되지 않게 하려면 해당 파일을 유니코드 형식으로 저장하십시오.
c:\users\kbs54\onedrive\바탕 화면\direct12 예제\directx-graphics-samples-master\miniengine\build_vs15\x64\debug\output\core\compiledshaders\dofdebuggreencs.h : warning C4819: 현재 코드 페이지(949)에서 표시할 수 없는 문자가 파일에 들어 있습니다. 데이터가 손실되지 않게 하려면 해당 파일을 유니코드 형식으로 저장하십시오.
c:\users\kbs54\onedrive\바탕 화면\direct12 예제\directx-graphics-samples-master\miniengine\build_vs15\x64\debug\output\core\compiledshaders\dofdebugbluecs.h : warning C4819: 현재 코드 페이지(949)에서 표시할 수 없는 문자가 파일에 들어 있습니다. 데이터가 손실되지 않게 하려면 해당 파일을 유니코드 형식으로 저장하십시오.
  DynamicUploadBuffer.cpp
  DynamicDescriptorHeap.cpp
  DescriptorHeap.cpp
  EngineProfiling.cpp
  EngineTuning.cpp
  FileUtility.cpp
  코드를 생성하고 있습니다...
  컴파일하고 있습니다...
  FXAA.cpp
c:\users\kbs54\onedrive\바탕 화면\direct12 예제\directx-graphics-samples-master\miniengine\build_vs15\x64\debug\output\core\compiledshaders\fxaapass1_rgb_cs.h : warning C4819: 현재 코드 페이지(949)에서 표시할 수 없는 문자가 파일에 들어 있습니다. 데이터가 손실되지 않게 하려면 해당 파일을 유니코드 형식으로 저장하십시오.
c:\users\kbs54\onedrive\바탕 화면\direct12 예제\directx-graphics-samples-master\miniengine\build_vs15\x64\debug\output\core\compiledshaders\fxaapass1_luma_cs.h : warning C4819: 현재 코드 페이지(949)에서 표시할 수 없는 문자가 파일에 들어 있습니다. 데이터가 손실되지 않게 하려면 해당 파일을 유니코드 형식으로 저장하십시오.
c:\users\kbs54\onedrive\바탕 화면\direct12 예제\directx-graphics-samples-master\miniengine\build_vs15\x64\debug\output\core\compiledshaders\fxaapass2hcs.h : warning C4819: 현재 코드 페이지(949)에서 표시할 수 없는 문자가 파일에 들어 있습니다. 데이터가 손실되지 않게 하려면 해당 파일을 유니코드 형식으로 저장하십시오.
c:\users\kbs54\onedrive\바탕 화면\direct12 예제\directx-graphics-samples-master\miniengine\build_vs15\x64\debug\output\core\compiledshaders\fxaapass2vcs.h : warning C4819: 현재 코드 페이지(949)에서 표시할 수 없는 문자가 파일에 들어 있습니다. 데이터가 손실되지 않게 하려면 해당 파일을 유니코드 형식으로 저장하십시오.
c:\users\kbs54\onedrive\바탕 화면\direct12 예제\directx-graphics-samples-master\miniengine\build_vs15\x64\debug\output\core\compiledshaders\fxaapass2hdebugcs.h : warning C4819: 현재 코드 페이지(949)에서 표시할 수 없는 문자가 파일에 들어 있습니다. 데이터가 손실되지 않게 하려면 해당 파일을 유니코드 형식으로 저장하십시오.
c:\users\kbs54\onedrive\바탕 화면\direct12 예제\directx-graphics-samples-master\miniengine\build_vs15\x64\debug\output\core\compiledshaders\fxaapass2vdebugcs.h : warning C4819: 현재 코드 페이지(949)에서 표시할 수 없는 문자가 파일에 들어 있습니다. 데이터가 손실되지 않게 하려면 해당 파일을 유니코드 형식으로 저장하십시오.
c:\users\kbs54\onedrive\바탕 화면\direct12 예제\directx-graphics-samples-master\miniengine\build_vs15\x64\debug\output\core\compiledshaders\fxaapass1_rgb2_cs.h : warning C4819: 현재 코드 페이지(949)에서 표시할 수 없는 문자가 파일에 들어 있습니다. 데이터가 손실되지 않게 하려면 해당 파일을 유니코드 형식으로 저장하십시오.
c:\users\kbs54\onedrive\바탕 화면\direct12 예제\directx-graphics-samples-master\miniengine\build_vs15\x64\debug\output\core\compiledshaders\fxaapass1_luma2_cs.h : warning C4819: 현재 코드 페이지(949)에서 표시할 수 없는 문자가 파일에 들어 있습니다. 데이터가 손실되지 않게 하려면 해당 파일을 유니코드 형식으로 저장하십시오.
c:\users\kbs54\onedrive\바탕 화면\direct12 예제\directx-graphics-samples-master\miniengine\build_vs15\x64\debug\output\core\compiledshaders\fxaapass2h2cs.h : warning C4819: 현재 코드 페이지(949)에서 표시할 수 없는 문자가 파일에 들어 있습니다. 데이터가 손실되지 않게 하려면 해당 파일을 유니코드 형식으로 저장하십시오.
c:\users\kbs54\onedrive\바탕 화면\direct12 예제\directx-graphics-samples-master\miniengine\build_vs15\x64\debug\output\core\compiledshaders\fxaapass2v2cs.h : warning C4819: 현재 코드 페이지(949)에서 표시할 수 없는 문자가 파일에 들어 있습니다. 데이터가 손실되지 않게 하려면 해당 파일을 유니코드 형식으로 저장하십시오.
c:\users\kbs54\onedrive\바탕 화면\direct12 예제\directx-graphics-samples-master\miniengine\build_vs15\x64\debug\output\core\compiledshaders\fxaapass2hdebug2cs.h : warning C4819: 현재 코드 페이지(949)에서 표시할 수 없는 문자가 파일에 들어 있습니다. 데이터가 손실되지 않게 하려면 해당 파일을 유니코드 형식으로 저장하십시오.
c:\users\kbs54\onedrive\바탕 화면\direct12 예제\directx-graphics-samples-master\miniengine\build_vs15\x64\debug\output\core\compiledshaders\fxaapass2vdebug2cs.h : warning C4819: 현재 코드 페이지(949)에서 표시할 수 없는 문자가 파일에 들어 있습니다. 데이터가 손실되지 않게 하려면 해당 파일을 유니코드 형식으로 저장하십시오.
c:\users\kbs54\onedrive\바탕 화면\direct12 예제\directx-graphics-samples-master\miniengine\build_vs15\x64\debug\output\core\compiledshaders\fxaaresolveworkqueuecs.h : warning C4819: 현재 코드 페이지(949)에서 표시할 수 없는 문자가 파일에 들어 있습니다. 데이터가 손실되지 않게 하려면 해당 파일을 유니코드 형식으로 저장하십시오.
  GameInput.cpp
  GameCore.cpp
  GpuBuffer.cpp
  GpuTimeManager.cpp
  GraphicsCommon.cpp
  GraphicsCore.cpp
c:\users\kbs54\onedrive\바탕 화면\direct12 예제\directx-graphics-samples-master\miniengine\build_vs15\x64\debug\output\core\compiledshaders\screenquadvs.h : warning C4819: 현재 코드 페이지(949)에서 표시할 수 없는 문자가 파일에 들어 있습니다. 데이터가 손실되지 않게 하려면 해당 파일을 유니코드 형식으로 저장하십시오.
c:\users\kbs54\onedrive\바탕 화면\direct12 예제\directx-graphics-samples-master\miniengine\build_vs15\x64\debug\output\core\compiledshaders\buffercopyps.h : warning C4819: 현재 코드 페이지(949)에서 표시할 수 없는 문자가 파일에 들어 있습니다. 데이터가 손실되지 않게 하려면 해당 파일을 유니코드 형식으로 저장하십시오.
c:\users\kbs54\onedrive\바탕 화면\direct12 예제\directx-graphics-samples-master\miniengine\build_vs15\x64\debug\output\core\compiledshaders\presentsdrps.h : warning C4819: 현재 코드 페이지(949)에서 표시할 수 없는 문자가 파일에 들어 있습니다. 데이터가 손실되지 않게 하려면 해당 파일을 유니코드 형식으로 저장하십시오.
c:\users\kbs54\onedrive\바탕 화면\direct12 예제\directx-graphics-samples-master\miniengine\build_vs15\x64\debug\output\core\compiledshaders\presenthdrps.h : warning C4819: 현재 코드 페이지(949)에서 표시할 수 없는 문자가 파일에 들어 있습니다. 데이터가 손실되지 않게 하려면 해당 파일을 유니코드 형식으로 저장하십시오.
c:\users\kbs54\onedrive\바탕 화면\direct12 예제\directx-graphics-samples-master\miniengine\build_vs15\x64\debug\output\core\compiledshaders\magnifypixelsps.h : warning C4819: 현재 코드 페이지(949)에서 표시할 수 없는 문자가 파일에 들어 있습니다. 데이터가 손실되지 않게 하려면 해당 파일을 유니코드 형식으로 저장하십시오.
c:\users\kbs54\onedrive\바탕 화면\direct12 예제\directx-graphics-samples-master\miniengine\build_vs15\x64\debug\output\core\compiledshaders\bilinearupsampleps.h : warning C4819: 현재 코드 페이지(949)에서 표시할 수 없는 문자가 파일에 들어 있습니다. 데이터가 손실되지 않게 하려면 해당 파일을 유니코드 형식으로 저장하십시오.
c:\users\kbs54\onedrive\바탕 화면\direct12 예제\directx-graphics-samples-master\miniengine\build_vs15\x64\debug\output\core\compiledshaders\bicubichorizontalupsampleps.h : warning C4819: 현재 코드 페이지(949)에서 표시할 수 없는 문자가 파일에 들어 있습니다. 데이터가 손실되지 않게 하려면 해당 파일을 유니코드 형식으로 저장하십시오.
c:\users\kbs54\onedrive\바탕 화면\direct12 예제\directx-graphics-samples-master\miniengine\build_vs15\x64\debug\output\core\compiledshaders\bicubicverticalupsampleps.h : warning C4819: 현재 코드 페이지(949)에서 표시할 수 없는 문자가 파일에 들어 있습니다. 데이터가 손실되지 않게 하려면 해당 파일을 유니코드 형식으로 저장하십시오.
c:\users\kbs54\onedrive\바탕 화면\direct12 예제\directx-graphics-samples-master\miniengine\build_vs15\x64\debug\output\core\compiledshaders\sharpeningupsampleps.h : warning C4819: 현재 코드 페이지(949)에서 표시할 수 없는 문자가 파일에 들어 있습니다. 데이터가 손실되지 않게 하려면 해당 파일을 유니코드 형식으로 저장하십시오.
c:\users\kbs54\onedrive\바탕 화면\direct12 예제\directx-graphics-samples-master\miniengine\build_vs15\x64\debug\output\core\compiledshaders\generatemipslinearcs.h : warning C4819: 현재 코드 페이지(949)에서 표시할 수 없는 문자가 파일에 들어 있습니다. 데이터가 손실되지 않게 하려면 해당 파일을 유니코드 형식으로 저장하십시오.
c:\users\kbs54\onedrive\바탕 화면\direct12 예제\directx-graphics-samples-master\miniengine\build_vs15\x64\debug\output\core\compiledshaders\generatemipslinearoddcs.h : warning C4819: 현재 코드 페이지(949)에서 표시할 수 없는 문자가 파일에 들어 있습니다. 데이터가 손실되지 않게 하려면 해당 파일을 유니코드 형식으로 저장하십시오.
c:\users\kbs54\onedrive\바탕 화면\direct12 예제\directx-graphics-samples-master\miniengine\build_vs15\x64\debug\output\core\compiledshaders\generatemipslinearoddxcs.h : warning C4819: 현재 코드 페이지(949)에서 표시할 수 없는 문자가 파일에 들어 있습니다. 데이터가 손실되지 않게 하려면 해당 파일을 유니코드 형식으로 저장하십시오.
c:\users\kbs54\onedrive\바탕 화면\direct12 예제\directx-graphics-samples-master\miniengine\build_vs15\x64\debug\output\core\compiledshaders\generatemipslinearoddycs.h : warning C4819: 현재 코드 페이지(949)에서 표시할 수 없는 문자가 파일에 들어 있습니다. 데이터가 손실되지 않게 하려면 해당 파일을 유니코드 형식으로 저장하십시오.
c:\users\kbs54\onedrive\바탕 화면\direct12 예제\directx-graphics-samples-master\miniengine\build_vs15\x64\debug\output\core\compiledshaders\generatemipsgammacs.h : warning C4819: 현재 코드 페이지(949)에서 표시할 수 없는 문자가 파일에 들어 있습니다. 데이터가 손실되지 않게 하려면 해당 파일을 유니코드 형식으로 저장하십시오.
c:\users\kbs54\onedrive\바탕 화면\direct12 예제\directx-graphics-samples-master\miniengine\build_vs15\x64\debug\output\core\compiledshaders\generatemipsgammaoddcs.h : warning C4819: 현재 코드 페이지(949)에서 표시할 수 없는 문자가 파일에 들어 있습니다. 데이터가 손실되지 않게 하려면 해당 파일을 유니코드 형식으로 저장하십시오.
c:\users\kbs54\onedrive\바탕 화면\direct12 예제\directx-graphics-samples-master\miniengine\build_vs15\x64\debug\output\core\compiledshaders\generatemipsgammaoddxcs.h : warning C4819: 현재 코드 페이지(949)에서 표시할 수 없는 문자가 파일에 들어 있습니다. 데이터가 손실되지 않게 하려면 해당 파일을 유니코드 형식으로 저장하십시오.
c:\users\kbs54\onedrive\바탕 화면\direct12 예제\directx-graphics-samples-master\miniengine\build_vs15\x64\debug\output\core\compiledshaders\generatemipsgammaoddycs.h : warning C4819: 현재 코드 페이지(949)에서 표시할 수 없는 문자가 파일에 들어 있습니다. 데이터가 손실되지 않게 하려면 해당 파일을 유니코드 형식으로 저장하십시오.
  GraphRenderer.cpp
c:\users\kbs54\onedrive\바탕 화면\direct12 예제\directx-graphics-samples-master\miniengine\build_vs15\x64\debug\output\core\compiledshaders\perfgraphbackgroundvs.h : warning C4819: 현재 코드 페이지(949)에서 표시할 수 없는 문자가 파일에 들어 있습니다. 데이터가 손실되지 않게 하려면 해당 파일을 유니코드 형식으로 저장하십시오.
c:\users\kbs54\onedrive\바탕 화면\direct12 예제\directx-graphics-samples-master\miniengine\build_vs15\x64\debug\output\core\compiledshaders\perfgraphvs.h : warning C4819: 현재 코드 페이지(949)에서 표시할 수 없는 문자가 파일에 들어 있습니다. 데이터가 손실되지 않게 하려면 해당 파일을 유니코드 형식으로 저장하십시오.
c:\users\kbs54\onedrive\바탕 화면\direct12 예제\directx-graphics-samples-master\miniengine\build_vs15\x64\debug\output\core\compiledshaders\perfgraphps.h : warning C4819: 현재 코드 페이지(949)에서 표시할 수 없는 문자가 파일에 들어 있습니다. 데이터가 손실되지 않게 하려면 해당 파일을 유니코드 형식으로 저장하십시오.
  LinearAllocator.cpp
  Frustum.cpp
  Random.cpp
  MotionBlur.cpp
c:\users\kbs54\onedrive\바탕 화면\direct12 예제\directx-graphics-samples-master\miniengine\build_vs15\x64\debug\output\core\compiledshaders\screenquadvs.h : warning C4819: 현재 코드 페이지(949)에서 표시할 수 없는 문자가 파일에 들어 있습니다. 데이터가 손실되지 않게 하려면 해당 파일을 유니코드 형식으로 저장하십시오.
c:\users\kbs54\onedrive\바탕 화면\direct12 예제\directx-graphics-samples-master\miniengine\build_vs15\x64\debug\output\core\compiledshaders\cameramotionblurprepasscs.h : warning C4819: 현재 코드 페이지(949)에서 표시할 수 없는 문자가 파일에 들어 있습니다. 데이터가 손실되지 않게 하려면 해당 파일을 유니코드 형식으로 저장하십시오.
c:\users\kbs54\onedrive\바탕 화면\direct12 예제\directx-graphics-samples-master\miniengine\build_vs15\x64\debug\output\core\compiledshaders\cameramotionblurprepasslinearzcs.h : warning C4819: 현재 코드 페이지(949)에서 표시할 수 없는 문자가 파일에 들어 있습니다. 데이터가 손실되지 않게 하려면 해당 파일을 유니코드 형식으로 저장하십시오.
c:\users\kbs54\onedrive\바탕 화면\direct12 예제\directx-graphics-samples-master\miniengine\build_vs15\x64\debug\output\core\compiledshaders\motionblurprepasscs.h : warning C4819: 현재 코드 페이지(949)에서 표시할 수 없는 문자가 파일에 들어 있습니다. 데이터가 손실되지 않게 하려면 해당 파일을 유니코드 형식으로 저장하십시오.
c:\users\kbs54\onedrive\바탕 화면\direct12 예제\directx-graphics-samples-master\miniengine\build_vs15\x64\debug\output\core\compiledshaders\motionblurfinalpasscs.h : warning C4819: 현재 코드 페이지(949)에서 표시할 수 없는 문자가 파일에 들어 있습니다. 데이터가 손실되지 않게 하려면 해당 파일을 유니코드 형식으로 저장하십시오.
c:\users\kbs54\onedrive\바탕 화면\direct12 예제\directx-graphics-samples-master\miniengine\build_vs15\x64\debug\output\core\compiledshaders\motionblurfinalpassps.h : warning C4819: 현재 코드 페이지(949)에서 표시할 수 없는 문자가 파일에 들어 있습니다. 데이터가 손실되지 않게 하려면 해당 파일을 유니코드 형식으로 저장하십시오.
c:\users\kbs54\onedrive\바탕 화면\direct12 예제\directx-graphics-samples-master\miniengine\build_vs15\x64\debug\output\core\compiledshaders\cameravelocitycs.h : warning C4819: 현재 코드 페이지(949)에서 표시할 수 없는 문자가 파일에 들어 있습니다. 데이터가 손실되지 않게 하려면 해당 파일을 유니코드 형식으로 저장하십시오.
c:\users\kbs54\onedrive\바탕 화면\direct12 예제\directx-graphics-samples-master\miniengine\build_vs15\x64\debug\output\core\compiledshaders\temporalblendcs.h : warning C4819: 현재 코드 페이지(949)에서 표시할 수 없는 문자가 파일에 들어 있습니다. 데이터가 손실되지 않게 하려면 해당 파일을 유니코드 형식으로 저장하십시오.
c:\users\kbs54\onedrive\바탕 화면\direct12 예제\directx-graphics-samples-master\miniengine\build_vs15\x64\debug\output\core\compiledshaders\boundneighborhoodcs.h : warning C4819: 현재 코드 페이지(949)에서 표시할 수 없는 문자가 파일에 들어 있습니다. 데이터가 손실되지 않게 하려면 해당 파일을 유니코드 형식으로 저장하십시오.
  ParticleEffect.cpp
  ParticleEffectManager.cpp
c:\users\kbs54\onedrive\바탕 화면\direct12 예제\directx-graphics-samples-master\miniengine\build_vs15\x64\debug\output\core\compiledshaders\particlespawncs.h : warning C4819: 현재 코드 페이지(949)에서 표시할 수 없는 문자가 파일에 들어 있습니다. 데이터가 손실되지 않게 하려면 해당 파일을 유니코드 형식으로 저장하십시오.
c:\users\kbs54\onedrive\바탕 화면\direct12 예제\directx-graphics-samples-master\miniengine\build_vs15\x64\debug\output\core\compiledshaders\particleupdatecs.h : warning C4819: 현재 코드 페이지(949)에서 표시할 수 없는 문자가 파일에 들어 있습니다. 데이터가 손실되지 않게 하려면 해당 파일을 유니코드 형식으로 저장하십시오.
c:\users\kbs54\onedrive\바탕 화면\direct12 예제\directx-graphics-samples-master\miniengine\build_vs15\x64\debug\output\core\compiledshaders\particledispatchindirectargscs.h : warning C4819: 현재 코드 페이지(949)에서 표시할 수 없는 문자가 파일에 들어 있습니다. 데이터가 손실되지 않게 하려면 해당 파일을 유니코드 형식으로 저장하십시오.
c:\users\kbs54\onedrive\바탕 화면\direct12 예제\directx-graphics-samples-master\miniengine\build_vs15\x64\debug\output\core\compiledshaders\particlefinaldispatchindirectargscs.h : warning C4819: 현재 코드 페이지(949)에서 표시할 수 없는 문자가 파일에 들어 있습니다. 데이터가 손실되지 않게 하려면 해당 파일을 유니코드 형식으로 저장하십시오.
c:\users\kbs54\onedrive\바탕 화면\direct12 예제\directx-graphics-samples-master\miniengine\build_vs15\x64\debug\output\core\compiledshaders\particlelargebincullingcs.h : warning C4819: 현재 코드 페이지(949)에서 표시할 수 없는 문자가 파일에 들어 있습니다. 데이터가 손실되지 않게 하려면 해당 파일을 유니코드 형식으로 저장하십시오.
c:\users\kbs54\onedrive\바탕 화면\direct12 예제\directx-graphics-samples-master\miniengine\build_vs15\x64\debug\output\core\compiledshaders\particlebincullingcs.h : warning C4819: 현재 코드 페이지(949)에서 표시할 수 없는 문자가 파일에 들어 있습니다. 데이터가 손실되지 않게 하려면 해당 파일을 유니코드 형식으로 저장하십시오.
c:\users\kbs54\onedrive\바탕 화면\direct12 예제\directx-graphics-samples-master\miniengine\build_vs15\x64\debug\output\core\compiledshaders\particletilerendercs.h : warning C4819: 현재 코드 페이지(949)에서 표시할 수 없는 문자가 파일에 들어 있습니다. 데이터가 손실되지 않게 하려면 해당 파일을 유니코드 형식으로 저장하십시오.
c:\users\kbs54\onedrive\바탕 화면\direct12 예제\directx-graphics-samples-master\miniengine\build_vs15\x64\debug\output\core\compiledshaders\particletilerenderfastcs.h : warning C4819: 현재 코드 페이지(949)에서 표시할 수 없는 문자가 파일에 들어 있습니다. 데이터가 손실되지 않게 하려면 해당 파일을 유니코드 형식으로 저장하십시오.
c:\users\kbs54\onedrive\바탕 화면\direct12 예제\directx-graphics-samples-master\miniengine\build_vs15\x64\debug\output\core\compiledshaders\particletilerenderslowdynamiccs.h : warning C4819: 현재 코드 페이지(949)에서 표시할 수 없는 문자가 파일에 들어 있습니다. 데이터가 손실되지 않게 하려면 해당 파일을 유니코드 형식으로 저장하십시오.
c:\users\kbs54\onedrive\바탕 화면\direct12 예제\directx-graphics-samples-master\miniengine\build_vs15\x64\debug\output\core\compiledshaders\particletilerenderfastdynamiccs.h : warning C4819: 현재 코드 페이지(949)에서 표시할 수 없는 문자가 파일에 들어 있습니다. 데이터가 손실되지 않게 하려면 해당 파일을 유니코드 형식으로 저장하십시오.
c:\users\kbs54\onedrive\바탕 화면\direct12 예제\directx-graphics-samples-master\miniengine\build_vs15\x64\debug\output\core\compiledshaders\particletilerenderslowlowrescs.h : warning C4819: 현재 코드 페이지(949)에서 표시할 수 없는 문자가 파일에 들어 있습니다. 데이터가 손실되지 않게 하려면 해당 파일을 유니코드 형식으로 저장하십시오.
c:\users\kbs54\onedrive\바탕 화면\direct12 예제\directx-graphics-samples-master\miniengine\build_vs15\x64\debug\output\core\compiledshaders\particletilerenderfastlowrescs.h : warning C4819: 현재 코드 페이지(949)에서 표시할 수 없는 문자가 파일에 들어 있습니다. 데이터가 손실되지 않게 하려면 해당 파일을 유니코드 형식으로 저장하십시오.
c:\users\kbs54\onedrive\바탕 화면\direct12 예제\directx-graphics-samples-master\miniengine\build_vs15\x64\debug\output\core\compiledshaders\particletilerender2cs.h : warning C4819: 현재 코드 페이지(949)에서 표시할 수 없는 문자가 파일에 들어 있습니다. 데이터가 손실되지 않게 하려면 해당 파일을 유니코드 형식으로 저장하십시오.
c:\users\kbs54\onedrive\바탕 화면\direct12 예제\directx-graphics-samples-master\miniengine\build_vs15\x64\debug\output\core\compiledshaders\particletilerenderfast2cs.h : warning C4819: 현재 코드 페이지(949)에서 표시할 수 없는 문자가 파일에 들어 있습니다. 데이터가 손실되지 않게 하려면 해당 파일을 유니코드 형식으로 저장하십시오.
c:\users\kbs54\onedrive\바탕 화면\direct12 예제\directx-graphics-samples-master\miniengine\build_vs15\x64\debug\output\core\compiledshaders\particletilerenderslowdynamic2cs.h : warning C4819: 현재 코드 페이지(949)에서 표시할 수 없는 문자가 파일에 들어 있습니다. 데이터가 손실되지 않게 하려면 해당 파일을 유니코드 형식으로 저장하십시오.
c:\users\kbs54\onedrive\바탕 화면\direct12 예제\directx-graphics-samples-master\miniengine\build_vs15\x64\debug\output\core\compiledshaders\particletilerenderfastdynamic2cs.h : warning C4819: 현재 코드 페이지(949)에서 표시할 수 없는 문자가 파일에 들어 있습니다. 데이터가 손실되지 않게 하려면 해당 파일을 유니코드 형식으로 저장하십시오.
c:\users\kbs54\onedrive\바탕 화면\direct12 예제\directx-graphics-samples-master\miniengine\build_vs15\x64\debug\output\core\compiledshaders\particletilerenderslowlowres2cs.h : warning C4819: 현재 코드 페이지(949)에서 표시할 수 없는 문자가 파일에 들어 있습니다. 데이터가 손실되지 않게 하려면 해당 파일을 유니코드 형식으로 저장하십시오.
c:\users\kbs54\onedrive\바탕 화면\direct12 예제\directx-graphics-samples-master\miniengine\build_vs15\x64\debug\output\core\compiledshaders\particletilerenderfastlowres2cs.h : warning C4819: 현재 코드 페이지(949)에서 표시할 수 없는 문자가 파일에 들어 있습니다. 데이터가 손실되지 않게 하려면 해당 파일을 유니코드 형식으로 저장하십시오.
c:\users\kbs54\onedrive\바탕 화면\direct12 예제\directx-graphics-samples-master\miniengine\build_vs15\x64\debug\output\core\compiledshaders\particletilecullingcs.h : warning C4819: 현재 코드 페이지(949)에서 표시할 수 없는 문자가 파일에 들어 있습니다. 데이터가 손실되지 않게 하려면 해당 파일을 유니코드 형식으로 저장하십시오.
c:\users\kbs54\onedrive\바탕 화면\direct12 예제\directx-graphics-samples-master\miniengine\build_vs15\x64\debug\output\core\compiledshaders\particledepthboundscs.h : warning C4819: 현재 코드 페이지(949)에서 표시할 수 없는 문자가 파일에 들어 있습니다. 데이터가 손실되지 않게 하려면 해당 파일을 유니코드 형식으로 저장하십시오.
c:\users\kbs54\onedrive\바탕 화면\direct12 예제\directx-graphics-samples-master\miniengine\build_vs15\x64\debug\output\core\compiledshaders\particlesortindirectargscs.h : warning C4819: 현재 코드 페이지(949)에서 표시할 수 없는 문자가 파일에 들어 있습니다. 데이터가 손실되지 않게 하려면 해당 파일을 유니코드 형식으로 저장하십시오.
c:\users\kbs54\onedrive\바탕 화면\direct12 예제\directx-graphics-samples-master\miniengine\build_vs15\x64\debug\output\core\compiledshaders\particlepresortcs.h : warning C4819: 현재 코드 페이지(949)에서 표시할 수 없는 문자가 파일에 들어 있습니다. 데이터가 손실되지 않게 하려면 해당 파일을 유니코드 형식으로 저장하십시오.
c:\users\kbs54\onedrive\바탕 화면\direct12 예제\directx-graphics-samples-master\miniengine\build_vs15\x64\debug\output\core\compiledshaders\particleps.h : warning C4819: 현재 코드 페이지(949)에서 표시할 수 없는 문자가 파일에 들어 있습니다. 데이터가 손실되지 않게 하려면 해당 파일을 유니코드 형식으로 저장하십시오.
c:\users\kbs54\onedrive\바탕 화면\direct12 예제\directx-graphics-samples-master\miniengine\build_vs15\x64\debug\output\core\compiledshaders\particlevs.h : warning C4819: 현재 코드 페이지(949)에서 표시할 수 없는 문자가 파일에 들어 있습니다. 데이터가 손실되지 않게 하려면 해당 파일을 유니코드 형식으로 저장하십시오.
c:\users\kbs54\onedrive\바탕 화면\direct12 예제\directx-graphics-samples-master\miniengine\build_vs15\x64\debug\output\core\compiledshaders\particlenosortvs.h : warning C4819: 현재 코드 페이지(949)에서 표시할 수 없는 문자가 파일에 들어 있습니다. 데이터가 손실되지 않게 하려면 해당 파일을 유니코드 형식으로 저장하십시오.
  ParticleEmissionProperties.cpp
  PipelineState.cpp
  PixelBuffer.cpp
  PostEffects.cpp
c:\users\kbs54\onedrive\바탕 화면\direct12 예제\directx-graphics-samples-master\miniengine\build_vs15\x64\debug\output\core\compiledshaders\tonemapcs.h : warning C4819: 현재 코드 페이지(949)에서 표시할 수 없는 문자가 파일에 들어 있습니다. 데이터가 손실되지 않게 하려면 해당 파일을 유니코드 형식으로 저장하십시오.
c:\users\kbs54\onedrive\바탕 화면\direct12 예제\directx-graphics-samples-master\miniengine\build_vs15\x64\debug\output\core\compiledshaders\tonemap2cs.h : warning C4819: 현재 코드 페이지(949)에서 표시할 수 없는 문자가 파일에 들어 있습니다. 데이터가 손실되지 않게 하려면 해당 파일을 유니코드 형식으로 저장하십시오.
c:\users\kbs54\onedrive\바탕 화면\direct12 예제\directx-graphics-samples-master\miniengine\build_vs15\x64\debug\output\core\compiledshaders\tonemaphdrcs.h : warning C4819: 현재 코드 페이지(949)에서 표시할 수 없는 문자가 파일에 들어 있습니다. 데이터가 손실되지 않게 하려면 해당 파일을 유니코드 형식으로 저장하십시오.
c:\users\kbs54\onedrive\바탕 화면\direct12 예제\directx-graphics-samples-master\miniengine\build_vs15\x64\debug\output\core\compiledshaders\tonemaphdr2cs.h : warning C4819: 현재 코드 페이지(949)에서 표시할 수 없는 문자가 파일에 들어 있습니다. 데이터가 손실되지 않게 하려면 해당 파일을 유니코드 형식으로 저장하십시오.
c:\users\kbs54\onedrive\바탕 화면\direct12 예제\directx-graphics-samples-master\miniengine\build_vs15\x64\debug\output\core\compiledshaders\applybloomcs.h : warning C4819: 현재 코드 페이지(949)에서 표시할 수 없는 문자가 파일에 들어 있습니다. 데이터가 손실되지 않게 하려면 해당 파일을 유니코드 형식으로 저장하십시오.
c:\users\kbs54\onedrive\바탕 화면\direct12 예제\directx-graphics-samples-master\miniengine\build_vs15\x64\debug\output\core\compiledshaders\applybloom2cs.h : warning C4819: 현재 코드 페이지(949)에서 표시할 수 없는 문자가 파일에 들어 있습니다. 데이터가 손실되지 않게 하려면 해당 파일을 유니코드 형식으로 저장하십시오.
c:\users\kbs54\onedrive\바탕 화면\direct12 예제\directx-graphics-samples-master\miniengine\build_vs15\x64\debug\output\core\compiledshaders\debugluminancehdrcs.h : warning C4819: 현재 코드 페이지(949)에서 표시할 수 없는 문자가 파일에 들어 있습니다. 데이터가 손실되지 않게 하려면 해당 파일을 유니코드 형식으로 저장하십시오.
c:\users\kbs54\onedrive\바탕 화면\direct12 예제\directx-graphics-samples-master\miniengine\build_vs15\x64\debug\output\core\compiledshaders\debugluminancehdr2cs.h : warning C4819: 현재 코드 페이지(949)에서 표시할 수 없는 문자가 파일에 들어 있습니다. 데이터가 손실되지 않게 하려면 해당 파일을 유니코드 형식으로 저장하십시오.
c:\users\kbs54\onedrive\바탕 화면\direct12 예제\directx-graphics-samples-master\miniengine\build_vs15\x64\debug\output\core\compiledshaders\debugluminanceldrcs.h : warning C4819: 현재 코드 페이지(949)에서 표시할 수 없는 문자가 파일에 들어 있습니다. 데이터가 손실되지 않게 하려면 해당 파일을 유니코드 형식으로 저장하십시오.
c:\users\kbs54\onedrive\바탕 화면\direct12 예제\directx-graphics-samples-master\miniengine\build_vs15\x64\debug\output\core\compiledshaders\debugluminanceldr2cs.h : warning C4819: 현재 코드 페이지(949)에서 표시할 수 없는 문자가 파일에 들어 있습니다. 데이터가 손실되지 않게 하려면 해당 파일을 유니코드 형식으로 저장하십시오.
c:\users\kbs54\onedrive\바탕 화면\direct12 예제\directx-graphics-samples-master\miniengine\build_vs15\x64\debug\output\core\compiledshaders\generatehistogramcs.h : warning C4819: 현재 코드 페이지(949)에서 표시할 수 없는 문자가 파일에 들어 있습니다. 데이터가 손실되지 않게 하려면 해당 파일을 유니코드 형식으로 저장하십시오.
c:\users\kbs54\onedrive\바탕 화면\direct12 예제\directx-graphics-samples-master\miniengine\build_vs15\x64\debug\output\core\compiledshaders\debugdrawhistogramcs.h : warning C4819: 현재 코드 페이지(949)에서 표시할 수 없는 문자가 파일에 들어 있습니다. 데이터가 손실되지 않게 하려면 해당 파일을 유니코드 형식으로 저장하십시오.
c:\users\kbs54\onedrive\바탕 화면\direct12 예제\directx-graphics-samples-master\miniengine\build_vs15\x64\debug\output\core\compiledshaders\adaptexposurecs.h : warning C4819: 현재 코드 페이지(949)에서 표시할 수 없는 문자가 파일에 들어 있습니다. 데이터가 손실되지 않게 하려면 해당 파일을 유니코드 형식으로 저장하십시오.
c:\users\kbs54\onedrive\바탕 화면\direct12 예제\directx-graphics-samples-master\miniengine\build_vs15\x64\debug\output\core\compiledshaders\downsamplebloomcs.h : warning C4819: 현재 코드 페이지(949)에서 표시할 수 없는 문자가 파일에 들어 있습니다. 데이터가 손실되지 않게 하려면 해당 파일을 유니코드 형식으로 저장하십시오.
c:\users\kbs54\onedrive\바탕 화면\direct12 예제\directx-graphics-samples-master\miniengine\build_vs15\x64\debug\output\core\compiledshaders\downsamplebloomallcs.h : warning C4819: 현재 코드 페이지(949)에서 표시할 수 없는 문자가 파일에 들어 있습니다. 데이터가 손실되지 않게 하려면 해당 파일을 유니코드 형식으로 저장하십시오.
c:\users\kbs54\onedrive\바탕 화면\direct12 예제\directx-graphics-samples-master\miniengine\build_vs15\x64\debug\output\core\compiledshaders\upsampleandblurcs.h : warning C4819: 현재 코드 페이지(949)에서 표시할 수 없는 문자가 파일에 들어 있습니다. 데이터가 손실되지 않게 하려면 해당 파일을 유니코드 형식으로 저장하십시오.
c:\users\kbs54\onedrive\바탕 화면\direct12 예제\directx-graphics-samples-master\miniengine\build_vs15\x64\debug\output\core\compiledshaders\blurcs.h : warning C4819: 현재 코드 페이지(949)에서 표시할 수 없는 문자가 파일에 들어 있습니다. 데이터가 손실되지 않게 하려면 해당 파일을 유니코드 형식으로 저장하십시오.
c:\users\kbs54\onedrive\바탕 화면\direct12 예제\directx-graphics-samples-master\miniengine\build_vs15\x64\debug\output\core\compiledshaders\bloomextractanddownsamplehdrcs.h : warning C4819: 현재 코드 페이지(949)에서 표시할 수 없는 문자가 파일에 들어 있습니다. 데이터가 손실되지 않게 하려면 해당 파일을 유니코드 형식으로 저장하십시오.
c:\users\kbs54\onedrive\바탕 화면\direct12 예제\directx-graphics-samples-master\miniengine\build_vs15\x64\debug\output\core\compiledshaders\bloomextractanddownsampleldrcs.h : warning C4819: 현재 코드 페이지(949)에서 표시할 수 없는 문자가 파일에 들어 있습니다. 데이터가 손실되지 않게 하려면 해당 파일을 유니코드 형식으로 저장하십시오.
c:\users\kbs54\onedrive\바탕 화면\direct12 예제\directx-graphics-samples-master\miniengine\build_vs15\x64\debug\output\core\compiledshaders\extractlumacs.h : warning C4819: 현재 코드 페이지(949)에서 표시할 수 없는 문자가 파일에 들어 있습니다. 데이터가 손실되지 않게 하려면 해당 파일을 유니코드 형식으로 저장하십시오.
c:\users\kbs54\onedrive\바탕 화면\direct12 예제\directx-graphics-samples-master\miniengine\build_vs15\x64\debug\output\core\compiledshaders\averagelumacs.h : warning C4819: 현재 코드 페이지(949)에서 표시할 수 없는 문자가 파일에 들어 있습니다. 데이터가 손실되지 않게 하려면 해당 파일을 유니코드 형식으로 저장하십시오.
c:\users\kbs54\onedrive\바탕 화면\direct12 예제\directx-graphics-samples-master\miniengine\build_vs15\x64\debug\output\core\compiledshaders\copybackpostbuffercs.h : warning C4819: 현재 코드 페이지(949)에서 표시할 수 없는 문자가 파일에 들어 있습니다. 데이터가 손실되지 않게 하려면 해당 파일을 유니코드 형식으로 저장하십시오.
  ReadbackBuffer.cpp
  RootSignature.cpp
  코드를 생성하고 있습니다...
  컴파일하고 있습니다...
  SamplerManager.cpp
  ShadowBuffer.cpp
  ShadowCamera.cpp
  SSAO.cpp
c:\users\kbs54\onedrive\바탕 화면\direct12 예제\directx-graphics-samples-master\miniengine\build_vs15\x64\debug\output\core\compiledshaders\aopreparedepthbuffers1cs.h : warning C4819: 현재 코드 페이지(949)에서 표시할 수 없는 문자가 파일에 들어 있습니다. 데이터가 손실되지 않게 하려면 해당 파일을 유니코드 형식으로 저장하십시오.
c:\users\kbs54\onedrive\바탕 화면\direct12 예제\directx-graphics-samples-master\miniengine\build_vs15\x64\debug\output\core\compiledshaders\aopreparedepthbuffers2cs.h : warning C4819: 현재 코드 페이지(949)에서 표시할 수 없는 문자가 파일에 들어 있습니다. 데이터가 손실되지 않게 하려면 해당 파일을 유니코드 형식으로 저장하십시오.
c:\users\kbs54\onedrive\바탕 화면\direct12 예제\directx-graphics-samples-master\miniengine\build_vs15\x64\debug\output\core\compiledshaders\linearizedepthcs.h : warning C4819: 현재 코드 페이지(949)에서 표시할 수 없는 문자가 파일에 들어 있습니다. 데이터가 손실되지 않게 하려면 해당 파일을 유니코드 형식으로 저장하십시오.
c:\users\kbs54\onedrive\바탕 화면\direct12 예제\directx-graphics-samples-master\miniengine\build_vs15\x64\debug\output\core\compiledshaders\debugssaocs.h : warning C4819: 현재 코드 페이지(949)에서 표시할 수 없는 문자가 파일에 들어 있습니다. 데이터가 손실되지 않게 하려면 해당 파일을 유니코드 형식으로 저장하십시오.
c:\users\kbs54\onedrive\바탕 화면\direct12 예제\directx-graphics-samples-master\miniengine\build_vs15\x64\debug\output\core\compiledshaders\aorender1cs.h : warning C4819: 현재 코드 페이지(949)에서 표시할 수 없는 문자가 파일에 들어 있습니다. 데이터가 손실되지 않게 하려면 해당 파일을 유니코드 형식으로 저장하십시오.
c:\users\kbs54\onedrive\바탕 화면\direct12 예제\directx-graphics-samples-master\miniengine\build_vs15\x64\debug\output\core\compiledshaders\aorender2cs.h : warning C4819: 현재 코드 페이지(949)에서 표시할 수 없는 문자가 파일에 들어 있습니다. 데이터가 손실되지 않게 하려면 해당 파일을 유니코드 형식으로 저장하십시오.
c:\users\kbs54\onedrive\바탕 화면\direct12 예제\directx-graphics-samples-master\miniengine\build_vs15\x64\debug\output\core\compiledshaders\aoblurupsampleblendoutcs.h : warning C4819: 현재 코드 페이지(949)에서 표시할 수 없는 문자가 파일에 들어 있습니다. 데이터가 손실되지 않게 하려면 해당 파일을 유니코드 형식으로 저장하십시오.
c:\users\kbs54\onedrive\바탕 화면\direct12 예제\directx-graphics-samples-master\miniengine\build_vs15\x64\debug\output\core\compiledshaders\aoblurupsamplepreminblendoutcs.h : warning C4819: 현재 코드 페이지(949)에서 표시할 수 없는 문자가 파일에 들어 있습니다. 데이터가 손실되지 않게 하려면 해당 파일을 유니코드 형식으로 저장하십시오.
c:\users\kbs54\onedrive\바탕 화면\direct12 예제\directx-graphics-samples-master\miniengine\build_vs15\x64\debug\output\core\compiledshaders\aoblurupsamplecs.h : warning C4819: 현재 코드 페이지(949)에서 표시할 수 없는 문자가 파일에 들어 있습니다. 데이터가 손실되지 않게 하려면 해당 파일을 유니코드 형식으로 저장하십시오.
c:\users\kbs54\onedrive\바탕 화면\direct12 예제\directx-graphics-samples-master\miniengine\build_vs15\x64\debug\output\core\compiledshaders\aoblurupsamplepremincs.h : warning C4819: 현재 코드 페이지(949)에서 표시할 수 없는 문자가 파일에 들어 있습니다. 데이터가 손실되지 않게 하려면 해당 파일을 유니코드 형식으로 저장하십시오.
  SystemTime.cpp
  TemporalEffects.cpp
c:\users\kbs54\onedrive\바탕 화면\direct12 예제\directx-graphics-samples-master\miniengine\build_vs15\x64\debug\output\core\compiledshaders\temporalblendcs.h : warning C4819: 현재 코드 페이지(949)에서 표시할 수 없는 문자가 파일에 들어 있습니다. 데이터가 손실되지 않게 하려면 해당 파일을 유니코드 형식으로 저장하십시오.
c:\users\kbs54\onedrive\바탕 화면\direct12 예제\directx-graphics-samples-master\miniengine\build_vs15\x64\debug\output\core\compiledshaders\boundneighborhoodcs.h : warning C4819: 현재 코드 페이지(949)에서 표시할 수 없는 문자가 파일에 들어 있습니다. 데이터가 손실되지 않게 하려면 해당 파일을 유니코드 형식으로 저장하십시오.
c:\users\kbs54\onedrive\바탕 화면\direct12 예제\directx-graphics-samples-master\miniengine\build_vs15\x64\debug\output\core\compiledshaders\resolvetaacs.h : warning C4819: 현재 코드 페이지(949)에서 표시할 수 없는 문자가 파일에 들어 있습니다. 데이터가 손실되지 않게 하려면 해당 파일을 유니코드 형식으로 저장하십시오.
c:\users\kbs54\onedrive\바탕 화면\direct12 예제\directx-graphics-samples-master\miniengine\build_vs15\x64\debug\output\core\compiledshaders\sharpentaacs.h : warning C4819: 현재 코드 페이지(949)에서 표시할 수 없는 문자가 파일에 들어 있습니다. 데이터가 손실되지 않게 하려면 해당 파일을 유니코드 형식으로 저장하십시오.
  TextRenderer.cpp
c:\users\kbs54\onedrive\바탕 화면\direct12 예제\directx-graphics-samples-master\miniengine\build_vs15\x64\debug\output\core\compiledshaders\textvs.h : warning C4819: 현재 코드 페이지(949)에서 표시할 수 없는 문자가 파일에 들어 있습니다. 데이터가 손실되지 않게 하려면 해당 파일을 유니코드 형식으로 저장하십시오.
c:\users\kbs54\onedrive\바탕 화면\direct12 예제\directx-graphics-samples-master\miniengine\build_vs15\x64\debug\output\core\compiledshaders\textantialiasps.h : warning C4819: 현재 코드 페이지(949)에서 표시할 수 없는 문자가 파일에 들어 있습니다. 데이터가 손실되지 않게 하려면 해당 파일을 유니코드 형식으로 저장하십시오.
c:\users\kbs54\onedrive\바탕 화면\direct12 예제\directx-graphics-samples-master\miniengine\build_vs15\x64\debug\output\core\compiledshaders\textshadowps.h : warning C4819: 현재 코드 페이지(949)에서 표시할 수 없는 문자가 파일에 들어 있습니다. 데이터가 손실되지 않게 하려면 해당 파일을 유니코드 형식으로 저장하십시오.
  TextureManager.cpp
  Utility.cpp
  코드를 생성하고 있습니다...
  Core_VS15.vcxproj -> C:\Users\kbs54\OneDrive\바탕 화면\Direct12 예제\DirectX-Graphics-Samples-master\MiniEngine\ModelViewer\..\Build_VS15\x64\Debug\Output\Core\Core.lib
