  Base.cpp
  Buffer_RectCol.cpp
  Buffer_RectTex.cpp
  Buffer_TriCol.cpp
  Camera.cpp
  Component.cpp
  Component_Manager.cpp
  Debug_Camera.cpp
  Device.cpp
  Frame.cpp
  FrameManager.cpp
  GameObject.cpp
  GameObject_Manager.cpp
  Input.cpp
  Layer.cpp
  MainApp.cpp
  Management.cpp
  Rect.cpp
  Renderer.cpp
  Scene.cpp
  코드를 생성하고 있습니다...
  컴파일하고 있습니다...
  Scene_Logo.cpp
  Shader.cpp
  System.cpp
  TempDX12.cpp
  TextureRect.cpp
  Timer.cpp
  TimerManager.cpp
  Transform.cpp
  VIBuffer.cpp
  코드를 생성하고 있습니다...
  TempDX12.vcxproj -> D:\DownLoad\TempDr\Q1\Debug\TempDX12.exe
