  compilation header save succeeded; see C:\Users\kbs54\OneDrive\바탕 화면\Direct12 예제\DirectX-Graphics-Samples-master\MiniEngine\Build_VS15\x64\Debug\Output\ModelViewer\CompiledShaders\DepthViewerPS.h
  compilation header save succeeded; see C:\Users\kbs54\OneDrive\바탕 화면\Direct12 예제\DirectX-Graphics-Samples-master\MiniEngine\Build_VS15\x64\Debug\Output\ModelViewer\CompiledShaders\DepthViewerVS.h
  compilation header save succeeded; see C:\Users\kbs54\OneDrive\바탕 화면\Direct12 예제\DirectX-Graphics-Samples-master\MiniEngine\Build_VS15\x64\Debug\Output\ModelViewer\CompiledShaders\FillLightGridCS_16.h
  compilation header save succeeded; see C:\Users\kbs54\OneDrive\바탕 화면\Direct12 예제\DirectX-Graphics-Samples-master\MiniEngine\Build_VS15\x64\Debug\Output\ModelViewer\CompiledShaders\FillLightGridCS_24.h
  compilation header save succeeded; see C:\Users\kbs54\OneDrive\바탕 화면\Direct12 예제\DirectX-Graphics-Samples-master\MiniEngine\Build_VS15\x64\Debug\Output\ModelViewer\CompiledShaders\FillLightGridCS_32.h
  compilation header save succeeded; see C:\Users\kbs54\OneDrive\바탕 화면\Direct12 예제\DirectX-Graphics-Samples-master\MiniEngine\Build_VS15\x64\Debug\Output\ModelViewer\CompiledShaders\FillLightGridCS_8.h
  compilation header save succeeded; see C:\Users\kbs54\OneDrive\바탕 화면\Direct12 예제\DirectX-Graphics-Samples-master\MiniEngine\Build_VS15\x64\Debug\Output\ModelViewer\CompiledShaders\ModelViewerPS.h
  compilation header save succeeded; see C:\Users\kbs54\OneDrive\바탕 화면\Direct12 예제\DirectX-Graphics-Samples-master\MiniEngine\Build_VS15\x64\Debug\Output\ModelViewer\CompiledShaders\ModelViewerVS.h
  compilation header save succeeded; see C:\Users\kbs54\OneDrive\바탕 화면\Direct12 예제\DirectX-Graphics-Samples-master\MiniEngine\Build_VS15\x64\Debug\Output\ModelViewer\CompiledShaders\WaveTileCountPS.h
  ForwardPlusLighting.cpp
c:\users\kbs54\onedrive\바탕 화면\direct12 예제\directx-graphics-samples-master\miniengine\build_vs15\x64\debug\output\modelviewer\compiledshaders\filllightgridcs_8.h : warning C4819: 현재 코드 페이지(949)에서 표시할 수 없는 문자가 파일에 들어 있습니다. 데이터가 손실되지 않게 하려면 해당 파일을 유니코드 형식으로 저장하십시오.
c:\users\kbs54\onedrive\바탕 화면\direct12 예제\directx-graphics-samples-master\miniengine\build_vs15\x64\debug\output\modelviewer\compiledshaders\filllightgridcs_16.h : warning C4819: 현재 코드 페이지(949)에서 표시할 수 없는 문자가 파일에 들어 있습니다. 데이터가 손실되지 않게 하려면 해당 파일을 유니코드 형식으로 저장하십시오.
c:\users\kbs54\onedrive\바탕 화면\direct12 예제\directx-graphics-samples-master\miniengine\build_vs15\x64\debug\output\modelviewer\compiledshaders\filllightgridcs_24.h : warning C4819: 현재 코드 페이지(949)에서 표시할 수 없는 문자가 파일에 들어 있습니다. 데이터가 손실되지 않게 하려면 해당 파일을 유니코드 형식으로 저장하십시오.
c:\users\kbs54\onedrive\바탕 화면\direct12 예제\directx-graphics-samples-master\miniengine\build_vs15\x64\debug\output\modelviewer\compiledshaders\filllightgridcs_32.h : warning C4819: 현재 코드 페이지(949)에서 표시할 수 없는 문자가 파일에 들어 있습니다. 데이터가 손실되지 않게 하려면 해당 파일을 유니코드 형식으로 저장하십시오.
  ModelViewer.cpp
c:\users\kbs54\onedrive\바탕 화면\direct12 예제\directx-graphics-samples-master\miniengine\build_vs15\x64\debug\output\modelviewer\compiledshaders\depthviewervs.h : warning C4819: 현재 코드 페이지(949)에서 표시할 수 없는 문자가 파일에 들어 있습니다. 데이터가 손실되지 않게 하려면 해당 파일을 유니코드 형식으로 저장하십시오.
c:\users\kbs54\onedrive\바탕 화면\direct12 예제\directx-graphics-samples-master\miniengine\build_vs15\x64\debug\output\modelviewer\compiledshaders\depthviewerps.h : warning C4819: 현재 코드 페이지(949)에서 표시할 수 없는 문자가 파일에 들어 있습니다. 데이터가 손실되지 않게 하려면 해당 파일을 유니코드 형식으로 저장하십시오.
c:\users\kbs54\onedrive\바탕 화면\direct12 예제\directx-graphics-samples-master\miniengine\build_vs15\x64\debug\output\modelviewer\compiledshaders\modelviewervs.h : warning C4819: 현재 코드 페이지(949)에서 표시할 수 없는 문자가 파일에 들어 있습니다. 데이터가 손실되지 않게 하려면 해당 파일을 유니코드 형식으로 저장하십시오.
c:\users\kbs54\onedrive\바탕 화면\direct12 예제\directx-graphics-samples-master\miniengine\build_vs15\x64\debug\output\modelviewer\compiledshaders\modelviewerps.h : warning C4819: 현재 코드 페이지(949)에서 표시할 수 없는 문자가 파일에 들어 있습니다. 데이터가 손실되지 않게 하려면 해당 파일을 유니코드 형식으로 저장하십시오.
c:\users\kbs54\onedrive\바탕 화면\direct12 예제\directx-graphics-samples-master\miniengine\build_vs15\x64\debug\output\modelviewer\compiledshaders\wavetilecountps.h : warning C4819: 현재 코드 페이지(949)에서 표시할 수 없는 문자가 파일에 들어 있습니다. 데이터가 손실되지 않게 하려면 해당 파일을 유니코드 형식으로 저장하십시오.
  코드를 생성하고 있습니다...
  ModelViewer_VS15.vcxproj -> C:\Users\kbs54\OneDrive\바탕 화면\Direct12 예제\DirectX-Graphics-Samples-master\MiniEngine\ModelViewer\..\Build_VS15\x64\Debug\Output\ModelViewer\ModelViewer.exe
